1568282990465	mozrunner::runner	INFO	Running command: "/usr/bin/firefox" "-marionette" "-foreground" "-no-remote" "-profile" "/tmp/rust_mozprofile.UWXzQX0T7M8D"
1568283001373	addons.webextension.screenshots@mozilla.org	WARN	Loading extension 'screenshots@mozilla.org': Reading manifest: Invalid extension permission: mozillaAddons
1568283001387	addons.webextension.screenshots@mozilla.org	WARN	Loading extension 'screenshots@mozilla.org': Reading manifest: Invalid extension permission: telemetry
1568283001387	addons.webextension.screenshots@mozilla.org	WARN	Loading extension 'screenshots@mozilla.org': Reading manifest: Invalid extension permission: resource://pdf.js/
1568283001391	addons.webextension.screenshots@mozilla.org	WARN	Loading extension 'screenshots@mozilla.org': Reading manifest: Invalid extension permission: about:reader*
1568283028527	Marionette	INFO	Listening on port 39803
1568283028661	Marionette	WARN	TLS certificate errors will be ignored for this session
JavaScript error: resource://devtools/client/framework/toolbox.js, line 1717: TypeError: currentPanel is undefined
1568283109810	Marionette	WARN	TimedPromise timed out after 500 ms: stacktrace:
bail@chrome://marionette/content/sync.js:237:64
console.error: "Error while calling actor 'pagestyle's method 'getUsedFontFaces'" "node is null"
console.error: "getUsedFontFaces@resource://devtools/server/actors/styles.js:375:24\nhandler@resource://devtools/shared/protocol/Actor.js:154:37\nonPacket@resource://devtools/server/main.js:1402:58\nreceiveMessage@resource://devtools/shared/transport/child-transport.js:66:16\n"
console.error: "Could not get the list of font families" "Protocol error (unknownError): node is null"
console.error: "stylesheets actor: fetch failed for http://localhost/opencart/catalog/view/theme/default/stylesheet/stylesheet.css, using system principal instead."
console.warn: LoginRecipes: "getRecipes: falling back to a synchronous message for:" "http://localhost"
console.error: "Error while calling actor 'pagestyle's method 'getLayout'" "node is null"
console.error: "getLayout@resource://devtools/server/actors/styles.js:914:5\nhandler@resource://devtools/shared/protocol/Actor.js:154:37\nonPacket@resource://devtools/server/main.js:1402:58\nreceiveMessage@resource://devtools/shared/transport/child-transport.js:66:16\n"
console.error: "Protocol error (unknownError): node is null"
console.error: "TypeError: currentNode is null: canMutationImpactCurrentStyles@resource://devtools/client/inspector/shared/style-change-tracker.js:64:20\nonMutations@resource://devtools/client/inspector/shared/style-change-tracker.js:82:11\nemit@resource://devtools/shared/event-emitter.js:190:24\nemit@resource://devtools/shared/event-emitter.js:271:18\ngetMutations/<@resource://devtools/shared/fronts/inspector.js:429:12\n"
TypeError: currentNode is null: canMutationImpactCurrentStyles@resource://devtools/client/inspector/shared/style-change-tracker.js:64:20
onMutations@resource://devtools/client/inspector/shared/style-change-tracker.js:82:11
emit@resource://devtools/shared/event-emitter.js:190:24
emit@resource://devtools/shared/event-emitter.js:271:18
getMutations/<@resource://devtools/shared/fronts/inspector.js:429:12

JavaScript warning: https://storage.googleapis.com/didna-files/utility/didna_util.min.js.gz?v345, line 1: unreachable code after return statement
[Parent 7295, Gecko_IOThread] WARNING: pipe error (158): Connection reset by peer: file /build/firefox-9JL5Vx/firefox-69.0+build2/ipc/chromium/src/chrome/common/ipc_channel_posix.cc, line 358
[Parent 7295, Gecko_IOThread] WARNING: pipe error (147): Connection reset by peer: file /build/firefox-9JL5Vx/firefox-69.0+build2/ipc/chromium/src/chrome/common/ipc_channel_posix.cc, line 358
console.error: "Error while calling actor 'pagestyle's method 'getUsedFontFaces'" "node is null"
console.error: "getUsedFontFaces@resource://devtools/server/actors/styles.js:375:24\nhandler@resource://devtools/shared/protocol/Actor.js:154:37\nonPacket@resource://devtools/server/main.js:1402:58\nreceiveMessage@resource://devtools/shared/transport/child-transport.js:66:16\n"
console.error: "Could not get the list of font families" "Protocol error (unknownError): node is null"
console.warn: LoginRecipes: "getRecipes: falling back to a synchronous message for:" "http://localhost"
console.warn: nsLoginManager: "searchLogins: `formActionOrigin` or `httpRealm` is recommended"
console.error: "TypeError: currentNode is null: canMutationImpactCurrentStyles@resource://devtools/client/inspector/shared/style-change-tracker.js:64:20\nonMutations@resource://devtools/client/inspector/shared/style-change-tracker.js:82:11\nemit@resource://devtools/shared/event-emitter.js:190:24\nemit@resource://devtools/shared/event-emitter.js:271:18\ngetMutations/<@resource://devtools/shared/fronts/inspector.js:429:12\n"
TypeError: currentNode is null: canMutationImpactCurrentStyles@resource://devtools/client/inspector/shared/style-change-tracker.js:64:20
onMutations@resource://devtools/client/inspector/shared/style-change-tracker.js:82:11
emit@resource://devtools/shared/event-emitter.js:190:24
emit@resource://devtools/shared/event-emitter.js:271:18
getMutations/<@resource://devtools/shared/fronts/inspector.js:429:12

1568634293765	mozrunner::runner	INFO	Running command: "/usr/bin/firefox" "-marionette" "-foreground" "-no-remote" "-profile" "/tmp/rust_mozprofile.E1aNzhOtdmHb"
1568634298576	addons.webextension.screenshots@mozilla.org	WARN	Loading extension 'screenshots@mozilla.org': Reading manifest: Invalid extension permission: mozillaAddons
1568634298576	addons.webextension.screenshots@mozilla.org	WARN	Loading extension 'screenshots@mozilla.org': Reading manifest: Invalid extension permission: telemetry
1568634298576	addons.webextension.screenshots@mozilla.org	WARN	Loading extension 'screenshots@mozilla.org': Reading manifest: Invalid extension permission: resource://pdf.js/
1568634298576	addons.webextension.screenshots@mozilla.org	WARN	Loading extension 'screenshots@mozilla.org': Reading manifest: Invalid extension permission: about:reader*
1568634303355	Marionette	INFO	Listening on port 40021
1568634303444	Marionette	WARN	TLS certificate errors will be ignored for this session
console.error: "Error while calling actor 'layout's method 'getGrids'" "node is null"
console.error: "getGrids@resource://devtools/server/actors/layout.js:501:26\ngetGrids@resource://devtools/server/actors/layout.js:506:43\nhandler@resource://devtools/shared/protocol/Actor.js:154:37\nonPacket@resource://devtools/server/main.js:1402:58\nreceiveMessage@resource://devtools/shared/transport/child-transport.js:66:16\n"
console.error: "Error while calling actor 'layout's method 'getGrids'" "node is null"
console.error: "getGrids@resource://devtools/server/actors/layout.js:501:26\ngetGrids@resource://devtools/server/actors/layout.js:506:43\nhandler@resource://devtools/shared/protocol/Actor.js:154:37\nonPacket@resource://devtools/server/main.js:1402:58\nreceiveMessage@resource://devtools/shared/transport/child-transport.js:66:16\n"
console.error: "Error while calling actor 'layout's method 'getGrids'" "node is null"
console.error: "getGrids@resource://devtools/server/actors/layout.js:501:26\ngetGrids@resource://devtools/server/actors/layout.js:506:43\nhandler@resource://devtools/shared/protocol/Actor.js:154:37\nonPacket@resource://devtools/server/main.js:1402:58\nreceiveMessage@resource://devtools/shared/transport/child-transport.js:66:16\n"
JavaScript warning: https://soltau.ru/media/system/js/mootools-core.js, line 9: Array.forEach is deprecated; use Array.prototype.forEach instead
JavaScript warning: https://soltau.ru/media/system/js/mootools-core.js, line 13: Array.slice is deprecated; use Array.prototype.slice instead

(/usr/lib/firefox/firefox:7261): dconf-WARNING **: 14:50:02.091: Unable to open /var/lib/snapd/desktop/dconf/profile/user: Permission denied
JavaScript error: https://static.h-bid.com/sncmp/sncmp.min.js, line 100: TypeError: f is undefined
JavaScript error: https://static.h-bid.com/sncmp/sncmp.min.js, line 37: TypeError: x is null
JavaScript error: https://static.h-bid.com/sncmp/sncmp.min.js, line 94: TypeError: x is null
JavaScript warning: https://i.alicdn.com/ae-channel-ui/2.0.0/channel/common/channel-tab/channel-tab.js, line 4: unreachable code after return statement
JavaScript warning: https://i.alicdn.com/ae-channel-ui/2.0.0/channel/common/channel-tab/channel-tab.js, line 4: unreachable code after return statement
JavaScript warning: https://i.alicdn.com/ae-channel-ui/2.0.0/channel/common/channel-banner/channel-banner.js, line 4: unreachable code after return statement
JavaScript warning: https://i.alicdn.com/ae-channel-ui/2.0.0/channel/common/channel-banner/channel-banner.js, line 4: unreachable code after return statement
JavaScript warning: https://i.alicdn.com/ae-channel-ui/2.0.0/channel/flash-deals/flash-deals.js, line 4: unreachable code after return statement
JavaScript warning: https://i.alicdn.com/ae-channel-ui/2.0.0/channel/flash-deals/flash-deals.js, line 4: unreachable code after return statement
JavaScript warning: https://i.alicdn.com/ae-header/20190108161825/buyer/front/ae-header.js, line 4: unreachable code after return statement
JavaScript warning: https://i.alicdn.com/ae-header/20190108161825/buyer/front/ae-header.js, line 4: unreachable code after return statement
WebGL(0x7f92a2110000)::ForceLoseContext
WebGL(0x7f92a21c6800)::ForceLoseContext
JavaScript error: https://vidtok.ru/kod.php?param=6b46394e517a726d30762b32726d6a2b4366493036775650596c4a6a72687a61766f57786e436f664a74413d, line 875: TypeError: document.getElementById(...) is null
JavaScript error: https://ddnk.advertur.ru/v1/code.js?id=174629, line 11: TypeError: _aManager.rotationBannerPlace is not a function
JavaScript error: https://vidtok.ru/kod.php?param=6b46394e517a726d30762b32726d6a2b4366493036775650596c4a6a72687a61766f57786e436f664a74413d, line 875: TypeError: document.getElementById(...) is null
JavaScript error: https://kekd.ru/banner.php?size=350x90&dp=soltauru line 1 > eval line 1 > eval line 1 > eval, line 1: TypeError: document.getElementById(...) is null
JavaScript warning: https://i.alicdn.com/ae-channel-ui/2.0.0/channel/common/channel-tab/channel-tab.js, line 4: unreachable code after return statement
JavaScript warning: https://i.alicdn.com/ae-channel-ui/2.0.0/channel/common/channel-tab/channel-tab.js, line 4: unreachable code after return statement
JavaScript warning: https://i.alicdn.com/ae-channel-ui/2.0.0/channel/common/channel-banner/channel-banner.js, line 4: unreachable code after return statement
JavaScript warning: https://i.alicdn.com/ae-channel-ui/2.0.0/channel/common/channel-banner/channel-banner.js, line 4: unreachable code after return statement
JavaScript warning: https://i.alicdn.com/ae-channel-ui/2.0.0/channel/flash-deals/flash-deals.js, line 4: unreachable code after return statement
JavaScript warning: https://i.alicdn.com/ae-channel-ui/2.0.0/channel/flash-deals/flash-deals.js, line 4: unreachable code after return statement
JavaScript warning: https://i.alicdn.com/ae-header/20190108161825/buyer/front/ae-header.js, line 4: unreachable code after return statement
JavaScript warning: https://i.alicdn.com/ae-header/20190108161825/buyer/front/ae-header.js, line 4: unreachable code after return statement
WebGL(0x7f9298816000)::ForceLoseContext
WebGL(0x7f9299f5e000)::ForceLoseContext
JavaScript error: https://cdn01.nativeroll.tv/js/nr-player.min.js, line 5: TypeError: window.iframe.parentElement.parentElement is null
JavaScript error: https://cdn01.nativeroll.tv/js/nr-player.min.js, line 5: TypeError: window.iframe.parentElement.parentElement is null
JavaScript error: https://vidtok.ru/kod.php?param=6b46394e517a726d30762b32726d6a2b4366493036775650596c4a6a72687a61766f57786e436f664a74413d, line 887: TypeError: document.getElementById(...) is null
JavaScript error: https://cache.betweendigital.com/vpaid_client.js, line 3015: TypeError: _this.ad.click_block is undefined
JavaScript error: https://cache.betweendigital.com/vpaid_client.js, line 2437: TypeError: ad.ad.click_block is undefined
JavaScript error: https://vidtok.ru/kod.php?param=6b46394e517a726d30762b32726d6a2b4366493036775650596c4a6a72687a61766f57786e436f664a74413d, line 887: TypeError: document.getElementById(...) is null
JavaScript error: https://cdn.videonow.ru/v2/31dcdc6/vn_module.js, line 2: TypeError: parent is null
JavaScript error: https://kekd.ru/banner.php?size=350x90&dp=soltauru line 1 > eval line 1 > eval line 1 > eval, line 1: TypeError: document.getElementById(...) is null
JavaScript warning: https://i.alicdn.com/ae-channel-ui/2.0.0/channel/common/channel-tab/channel-tab.js, line 4: unreachable code after return statement
JavaScript warning: https://i.alicdn.com/ae-channel-ui/2.0.0/channel/common/channel-tab/channel-tab.js, line 4: unreachable code after return statement
JavaScript warning: https://i.alicdn.com/ae-channel-ui/2.0.0/channel/common/channel-banner/channel-banner.js, line 4: unreachable code after return statement
JavaScript warning: https://i.alicdn.com/ae-channel-ui/2.0.0/channel/common/channel-banner/channel-banner.js, line 4: unreachable code after return statement
JavaScript warning: https://i.alicdn.com/ae-channel-ui/2.0.0/channel/flash-deals/flash-deals.js, line 4: unreachable code after return statement
JavaScript warning: https://i.alicdn.com/ae-channel-ui/2.0.0/channel/flash-deals/flash-deals.js, line 4: unreachable code after return statement
JavaScript warning: https://i.alicdn.com/ae-header/20190108161825/buyer/front/ae-header.js, line 4: unreachable code after return statement
JavaScript warning: https://i.alicdn.com/ae-header/20190108161825/buyer/front/ae-header.js, line 4: unreachable code after return statement
WebGL(0x7f9296666800)::ForceLoseContext
WebGL(0x7f929a0a9800)::ForceLoseContext
JavaScript error: https://kekd.ru/banner.php?size=350x90&dp=soltauru line 1 > eval line 1 > eval line 1 > eval, line 1: TypeError: document.getElementById(...) is null
JavaScript warning: https://i.alicdn.com/ae-channel-ui/2.0.0/channel/common/channel-tab/channel-tab.js, line 4: unreachable code after return statement
JavaScript warning: https://i.alicdn.com/ae-channel-ui/2.0.0/channel/common/channel-tab/channel-tab.js, line 4: unreachable code after return statement
JavaScript warning: https://i.alicdn.com/ae-channel-ui/2.0.0/channel/common/channel-banner/channel-banner.js, line 4: unreachable code after return statement
JavaScript warning: https://i.alicdn.com/ae-channel-ui/2.0.0/channel/common/channel-banner/channel-banner.js, line 4: unreachable code after return statement
JavaScript warning: https://i.alicdn.com/ae-channel-ui/2.0.0/channel/flash-deals/flash-deals.js, line 4: unreachable code after return statement
JavaScript warning: https://i.alicdn.com/ae-channel-ui/2.0.0/channel/flash-deals/flash-deals.js, line 4: unreachable code after return statement
JavaScript warning: https://i.alicdn.com/ae-header/20190108161825/buyer/front/ae-header.js, line 4: unreachable code after return statement
JavaScript warning: https://i.alicdn.com/ae-header/20190108161825/buyer/front/ae-header.js, line 4: unreachable code after return statement
WebGL(0x7f92987fc800)::ForceLoseContext
WebGL(0x7f929a84e000)::ForceLoseContext
JavaScript error: https://kekd.ru/banner.php?size=350x90&dp=soltauru line 1 > eval line 1 > eval line 1 > eval, line 1: TypeError: document.getElementById(...) is null
WebGL(0x7f929664f800)::ForceLoseContext
WebGL(0x7f9296a1f800)::ForceLoseContext
JavaScript error: https://kekd.ru/banner.php?size=350x90&dp=soltauru line 1 > eval line 1 > eval line 1 > eval, line 1: TypeError: document.getElementById(...) is null
WebGL(0x7f92963a5800)::ForceLoseContext
WebGL(0x7f9297e04800)::ForceLoseContext
JavaScript error: https://kekd.ru/banner.php?size=350x90&dp=soltauru line 1 > eval line 1 > eval line 1 > eval, line 1: TypeError: document.getElementById(...) is null
WebGL(0x7f929664f000)::ForceLoseContext
WebGL(0x7f92973e3800)::ForceLoseContext
JavaScript error: https://kekd.ru/banner.php?size=350x90&dp=soltauru line 1 > eval line 1 > eval line 1 > eval, line 1: TypeError: document.getElementById(...) is null
WebGL(0x7f929731b000)::ForceLoseContext
WebGL(0x7f92973f7800)::ForceLoseContext
JavaScript error: https://kekd.ru/banner.php?size=350x90&dp=soltauru line 1 > eval line 1 > eval line 1 > eval, line 1: TypeError: document.getElementById(...) is null
WebGL(0x7f9296665800)::ForceLoseContext
WebGL(0x7f92973f7800)::ForceLoseContext
JavaScript error: https://kekd.ru/banner.php?size=350x90&dp=soltauru line 1 > eval line 1 > eval line 1 > eval, line 1: TypeError: document.getElementById(...) is null
WebGL(0x7f929732b800)::ForceLoseContext
WebGL(0x7f9298807800)::ForceLoseContext
JavaScript error: https://kekd.ru/banner.php?size=350x90&dp=soltauru line 1 > eval line 1 > eval line 1 > eval, line 1: TypeError: document.getElementById(...) is null
WebGL(0x7f9296661800)::ForceLoseContext
WebGL(0x7f9297912800)::ForceLoseContext
JavaScript error: https://kekd.ru/banner.php?size=350x90&dp=soltauru line 1 > eval line 1 > eval line 1 > eval, line 1: TypeError: document.getElementById(...) is null
WebGL(0x7f92963aa000)::ForceLoseContext
WebGL(0x7f9298808800)::ForceLoseContext
JavaScript error: https://kekd.ru/banner.php?size=350x90&dp=soltauru line 1 > eval line 1 > eval line 1 > eval, line 1: TypeError: document.getElementById(...) is null
WebGL(0x7f92973ed000)::ForceLoseContext
WebGL(0x7f9297905800)::ForceLoseContext
JavaScript error: https://kekd.ru/banner.php?size=350x90&dp=soltauru line 1 > eval line 1 > eval line 1 > eval, line 1: TypeError: document.getElementById(...) is null
WebGL(0x7f929664b800)::ForceLoseContext
WebGL(0x7f9297e07800)::ForceLoseContext
JavaScript error: https://kekd.ru/banner.php?size=350x90&dp=soltauru line 1 > eval line 1 > eval line 1 > eval, line 1: TypeError: document.getElementById(...) is null
WebGL(0x7f9296654000)::ForceLoseContext
WebGL(0x7f9297e09000)::ForceLoseContext
JavaScript error: https://kekd.ru/banner.php?size=350x90&dp=soltauru line 1 > eval line 1 > eval line 1 > eval, line 1: TypeError: document.getElementById(...) is null
WebGL(0x7f92963a0000)::ForceLoseContext
WebGL(0x7f9297920000)::ForceLoseContext
JavaScript error: https://kekd.ru/banner.php?size=350x90&dp=soltauru line 1 > eval line 1 > eval line 1 > eval, line 1: TypeError: document.getElementById(...) is null
WebGL(0x7f929664f000)::ForceLoseContext
WebGL(0x7f9297e03000)::ForceLoseContext
JavaScript error: https://kekd.ru/banner.php?size=350x90&dp=soltauru line 1 > eval line 1 > eval line 1 > eval, line 1: TypeError: document.getElementById(...) is null
WebGL(0x7f92963ad000)::ForceLoseContext
WebGL(0x7f9297e04000)::ForceLoseContext
JavaScript error: https://kekd.ru/banner.php?size=350x90&dp=soltauru line 1 > eval line 1 > eval line 1 > eval, line 1: TypeError: document.getElementById(...) is null
WebGL(0x7f9296654000)::ForceLoseContext
WebGL(0x7f9297e04800)::ForceLoseContext
JavaScript error: https://kekd.ru/banner.php?size=350x90&dp=soltauru line 1 > eval line 1 > eval line 1 > eval, line 1: TypeError: document.getElementById(...) is null
WebGL(0x7f92963ae000)::ForceLoseContext
WebGL(0x7f9297e0b000)::ForceLoseContext
JavaScript error: https://kekd.ru/banner.php?size=350x90&dp=soltauru line 1 > eval line 1 > eval line 1 > eval, line 1: TypeError: document.getElementById(...) is null
WebGL(0x7f9296651800)::ForceLoseContext
WebGL(0x7f929791a000)::ForceLoseContext
JavaScript error: https://kekd.ru/banner.php?size=350x90&dp=soltauru line 1 > eval line 1 > eval line 1 > eval, line 1: TypeError: document.getElementById(...) is null
WebGL(0x7f92963b2800)::ForceLoseContext
WebGL(0x7f929791f800)::ForceLoseContext
JavaScript error: https://kekd.ru/banner.php?size=350x90&dp=soltauru line 1 > eval line 1 > eval line 1 > eval, line 1: TypeError: document.getElementById(...) is null
WebGL(0x7f9296a1d800)::ForceLoseContext
WebGL(0x7f9297e0b000)::ForceLoseContext
JavaScript error: https://kekd.ru/banner.php?size=350x90&dp=soltauru line 1 > eval line 1 > eval line 1 > eval, line 1: TypeError: document.getElementById(...) is null
WebGL(0x7f92963a1800)::ForceLoseContext
WebGL(0x7f9297e09800)::ForceLoseContext
JavaScript error: https://kekd.ru/banner.php?size=350x90&dp=soltauru line 1 > eval line 1 > eval line 1 > eval, line 1: TypeError: document.getElementById(...) is null
WebGL(0x7f92973ee800)::ForceLoseContext
WebGL(0x7f9297905000)::ForceLoseContext
JavaScript error: https://kekd.ru/banner.php?size=350x90&dp=soltauru line 1 > eval line 1 > eval line 1 > eval, line 1: TypeError: document.getElementById(...) is null
WebGL(0x7f92963a9000)::ForceLoseContext
WebGL(0x7f9297e09000)::ForceLoseContext
JavaScript error: https://kekd.ru/banner.php?size=350x90&dp=soltauru line 1 > eval line 1 > eval line 1 > eval, line 1: TypeError: document.getElementById(...) is null
WebGL(0x7f92963ad800)::ForceLoseContext
WebGL(0x7f9297e0f800)::ForceLoseContext
JavaScript error: https://kekd.ru/banner.php?size=350x90&dp=soltauru line 1 > eval line 1 > eval line 1 > eval, line 1: TypeError: document.getElementById(...) is null
WebGL(0x7f92963b2000)::ForceLoseContext
WebGL(0x7f9297e0b000)::ForceLoseContext
JavaScript error: https://kekd.ru/banner.php?size=350x90&dp=soltauru line 1 > eval line 1 > eval line 1 > eval, line 1: TypeError: document.getElementById(...) is null
WebGL(0x7f92963a3000)::ForceLoseContext
WebGL(0x7f9297e07800)::ForceLoseContext
JavaScript error: https://kekd.ru/banner.php?size=350x90&dp=soltauru line 1 > eval line 1 > eval line 1 > eval, line 1: TypeError: document.getElementById(...) is null
WebGL(0x7f929664f000)::ForceLoseContext
WebGL(0x7f9297e0c800)::ForceLoseContext
JavaScript error: https://kekd.ru/banner.php?size=350x90&dp=soltauru line 1 > eval line 1 > eval line 1 > eval, line 1: TypeError: document.getElementById(...) is null
WebGL(0x7f92963aa800)::ForceLoseContext
WebGL(0x7f9299f5e000)::ForceLoseContext
JavaScript error: https://kekd.ru/banner.php?size=350x90&dp=soltauru line 1 > eval line 1 > eval line 1 > eval, line 1: TypeError: document.getElementById(...) is null
WebGL(0x7f9297903800)::ForceLoseContext
WebGL(0x7f9297907800)::ForceLoseContext
JavaScript error: https://kekd.ru/banner.php?size=350x90&dp=soltauru line 1 > eval line 1 > eval line 1 > eval, line 1: TypeError: document.getElementById(...) is null
WebGL(0x7f92963b5800)::ForceLoseContext
WebGL(0x7f9299f4b800)::ForceLoseContext
JavaScript error: https://kekd.ru/banner.php?size=350x90&dp=soltauru line 1 > eval line 1 > eval line 1 > eval, line 1: TypeError: document.getElementById(...) is null
WebGL(0x7f9296a08000)::ForceLoseContext
WebGL(0x7f9298811800)::ForceLoseContext
JavaScript error: https://kekd.ru/banner.php?size=350x90&dp=soltauru line 1 > eval line 1 > eval line 1 > eval, line 1: TypeError: document.getElementById(...) is null
WebGL(0x7f9297e07800)::ForceLoseContext
WebGL(0x7f9299f5f800)::ForceLoseContext
JavaScript error: https://kekd.ru/banner.php?size=350x90&dp=soltauru line 1 > eval line 1 > eval line 1 > eval, line 1: TypeError: document.getElementById(...) is null
WebGL(0x7f92963ae000)::ForceLoseContext
WebGL(0x7f92987fb000)::ForceLoseContext
JavaScript error: https://kekd.ru/banner.php?size=350x90&dp=soltauru line 1 > eval line 1 > eval line 1 > eval, line 1: TypeError: document.getElementById(...) is null
WebGL(0x7f9297312000)::ForceLoseContext
WebGL(0x7f929880d800)::ForceLoseContext
JavaScript error: https://kekd.ru/banner.php?size=350x90&dp=soltauru line 1 > eval line 1 > eval line 1 > eval, line 1: TypeError: document.getElementById(...) is null
WebGL(0x7f9297312000)::ForceLoseContext
WebGL(0x7f929880c800)::ForceLoseContext
JavaScript error: https://kekd.ru/banner.php?size=350x90&dp=soltauru line 1 > eval line 1 > eval line 1 > eval, line 1: TypeError: document.getElementById(...) is null
WebGL(0x7f92963ab800)::ForceLoseContext
WebGL(0x7f9298813000)::ForceLoseContext
JavaScript error: https://kekd.ru/banner.php?size=350x90&dp=soltauru line 1 > eval line 1 > eval line 1 > eval, line 1: TypeError: document.getElementById(...) is null
WebGL(0x7f9297312800)::ForceLoseContext
WebGL(0x7f9298811800)::ForceLoseContext
JavaScript error: https://kekd.ru/banner.php?size=350x90&dp=soltauru line 1 > eval line 1 > eval line 1 > eval, line 1: TypeError: document.getElementById(...) is null
WebGL(0x7f929639f000)::ForceLoseContext
WebGL(0x7f9298811800)::ForceLoseContext
JavaScript error: https://kekd.ru/banner.php?size=350x90&dp=soltauru line 1 > eval line 1 > eval line 1 > eval, line 1: TypeError: document.getElementById(...) is null
WebGL(0x7f9297912800)::ForceLoseContext
WebGL(0x7f92987f6800)::ForceLoseContext
JavaScript error: https://kekd.ru/banner.php?size=350x90&dp=soltauru line 1 > eval line 1 > eval line 1 > eval, line 1: TypeError: document.getElementById(...) is null
WebGL(0x7f9296a23000)::ForceLoseContext
WebGL(0x7f9298815000)::ForceLoseContext
JavaScript error: https://kekd.ru/banner.php?size=350x90&dp=soltauru line 1 > eval line 1 > eval line 1 > eval, line 1: TypeError: document.getElementById(...) is null
WebGL(0x7f929639f000)::ForceLoseContext
WebGL(0x7f929881d800)::ForceLoseContext
[Parent 6552, Gecko_IOThread] WARNING: pipe error (161): Connection reset by peer: file /build/firefox-9JL5Vx/firefox-69.0+build2/ipc/chromium/src/chrome/common/ipc_channel_posix.cc, line 358
console.error: "TypeError: currentNode is null: canMutationImpactCurrentStyles@resource://devtools/client/inspector/shared/style-change-tracker.js:64:20\nonMutations@resource://devtools/client/inspector/shared/style-change-tracker.js:82:11\nemit@resource://devtools/shared/event-emitter.js:190:24\nemit@resource://devtools/shared/event-emitter.js:271:18\ngetMutations/<@resource://devtools/shared/fronts/inspector.js:429:12\n"
TypeError: currentNode is null: canMutationImpactCurrentStyles@resource://devtools/client/inspector/shared/style-change-tracker.js:64:20
onMutations@resource://devtools/client/inspector/shared/style-change-tracker.js:82:11
emit@resource://devtools/shared/event-emitter.js:190:24
emit@resource://devtools/shared/event-emitter.js:271:18
getMutations/<@resource://devtools/shared/fronts/inspector.js:429:12

JavaScript error: https://cdn.ampproject.org/rtv/011909030343550/amp4ads-v0.js, line 26: Error: failed to call initLogConstructor
JavaScript error: https://cdn.ampproject.org/rtv/011909030343550/amp4ads-v0.js, line 26: Error: failed to call initLogConstructor
JavaScript error: https://cdn.ampproject.org/rtv/011909030343550/amp4ads-v0.js, line 26: Error: failed to call initLogConstructor
JavaScript error: https://cdn.ampproject.org/rtv/011909030343550/amp4ads-v0.js, line 26: Error: failed to call initLogConstructor
[Parent 6552, Gecko_IOThread] WARNING: pipe error (63): Connection reset by peer: file /build/firefox-9JL5Vx/firefox-69.0+build2/ipc/chromium/src/chrome/common/ipc_channel_posix.cc, line 358
console.error: "Error while calling actor 'pagestyle's method 'getLayout'" "node is null"
console.error: "getLayout@resource://devtools/server/actors/styles.js:914:5\nhandler@resource://devtools/shared/protocol/Actor.js:154:37\nonPacket@resource://devtools/server/main.js:1402:58\nreceiveMessage@resource://devtools/shared/transport/child-transport.js:66:16\n"
console.error: "TypeError: currentNode is null: canMutationImpactCurrentStyles@resource://devtools/client/inspector/shared/style-change-tracker.js:64:20\nonMutations@resource://devtools/client/inspector/shared/style-change-tracker.js:82:11\nemit@resource://devtools/shared/event-emitter.js:190:24\nemit@resource://devtools/shared/event-emitter.js:271:18\ngetMutations/<@resource://devtools/shared/fronts/inspector.js:429:12\n"
TypeError: currentNode is null: canMutationImpactCurrentStyles@resource://devtools/client/inspector/shared/style-change-tracker.js:64:20
onMutations@resource://devtools/client/inspector/shared/style-change-tracker.js:82:11
emit@resource://devtools/shared/event-emitter.js:190:24
emit@resource://devtools/shared/event-emitter.js:271:18
getMutations/<@resource://devtools/shared/fronts/inspector.js:429:12

console.error: "Protocol error (unknownError): node is null"
JavaScript error: https://cdn.ampproject.org/rtv/011909030343550/amp4ads-v0.js, line 26: Error: failed to call initLogConstructor
JavaScript error: https://cdn.ampproject.org/rtv/011909030343550/amp4ads-v0.js, line 26: Error: failed to call initLogConstructor
JavaScript error: https://cdn.ampproject.org/rtv/011909030343550/amp4ads-v0.js, line 26: Error: failed to call initLogConstructor
JavaScript error: https://cdn.ampproject.org/rtv/011909030343550/amp4ads-v0.js, line 26: Error: failed to call initLogConstructor
JavaScript error: https://secure.quantserve.com/quant.js, line 19: NS_ERROR_UNEXPECTED: 

###!!! [Child][RunMessage] Error: Channel closing: too late to send/recv, messages will be lost


###!!! [Child][RunMessage] Error: Channel closing: too late to send/recv, messages will be lost


###!!! [Child][RunMessage] Error: Channel closing: too late to send/recv, messages will be lost


###!!! [Child][RunMessage] Error: Channel closing: too late to send/recv, messages will be lost


(/usr/lib/firefox/firefox:6636): dconf-WARNING **: 18:00:40.638: Unable to open /var/lib/snapd/desktop/dconf/profile/user: Permission denied
console.warn: LoginRecipes: "getRecipes: falling back to a synchronous message for:" "http://localhost"
console.warn: nsLoginManager: "searchLogins: `formActionOrigin` or `httpRealm` is recommended"
